Copyright 1986-2018 Xilinx, Inc. All Rights Reserved.
--------------------------------------------------------------------------------------------------------------------------------------------------------------------------------------------------------
| Tool Version : Vivado v.2018.2 (win64) Build 2258646 Thu Jun 14 20:03:12 MDT 2018
| Date         : Mon Oct  9 16:10:48 2023
| Host         : MSI running 64-bit major release  (build 9200)
| Command      : report_timing_summary -max_paths 10 -file Top_Student_timing_summary_routed.rpt -pb Top_Student_timing_summary_routed.pb -rpx Top_Student_timing_summary_routed.rpx -warn_on_violation
| Design       : Top_Student
| Device       : 7a35t-cpg236
| Speed File   : -1  PRODUCTION 1.22 2018-03-21
--------------------------------------------------------------------------------------------------------------------------------------------------------------------------------------------------------

Timing Summary Report

------------------------------------------------------------------------------------------------
| Timer Settings
| --------------
------------------------------------------------------------------------------------------------

  Enable Multi Corner Analysis               :  Yes
  Enable Pessimism Removal                   :  Yes
  Pessimism Removal Resolution               :  Nearest Common Node
  Enable Input Delay Default Clock           :  No
  Enable Preset / Clear Arcs                 :  No
  Disable Flight Delays                      :  No
  Ignore I/O Paths                           :  No
  Timing Early Launch at Borrowing Latches   :  false

  Corner  Analyze    Analyze    
  Name    Max Paths  Min Paths  
  ------  ---------  ---------  
  Slow    Yes        Yes        
  Fast    Yes        Yes        



check_timing report

Table of Contents
-----------------
1. checking no_clock
2. checking constant_clock
3. checking pulse_width_clock
4. checking unconstrained_internal_endpoints
5. checking no_input_delay
6. checking no_output_delay
7. checking multiple_clock
8. checking generated_clocks
9. checking loops
10. checking partial_input_delay
11. checking partial_output_delay
12. checking latch_loops

1. checking no_clock
--------------------
 There are 115 register/latch pins with no clock driven by root clock pin: clk625/SLOW_CLK_reg/Q (HIGH)


2. checking constant_clock
--------------------------
 There are 0 register/latch pins with constant_clock.


3. checking pulse_width_clock
-----------------------------
 There are 0 register/latch pins which need pulse_width check


4. checking unconstrained_internal_endpoints
--------------------------------------------
 There are 280 pins that are not constrained for maximum delay. (HIGH)

 There are 0 pins that are not constrained for maximum delay due to constant clock.


5. checking no_input_delay
--------------------------
 There is 1 input port with no input delay specified. (HIGH)

 There are 0 input ports with no input delay but user has a false path constraint.


6. checking no_output_delay
---------------------------
 There are 6 ports with no output delay specified. (HIGH)

 There are 0 ports with no output delay but user has a false path constraint

 There are 0 ports with no output delay but with a timing clock defined on it or propagating through it


7. checking multiple_clock
--------------------------
 There are 0 register/latch pins with multiple clocks.


8. checking generated_clocks
----------------------------
 There are 0 generated clocks that are not connected to a clock source.


9. checking loops
-----------------
 There are 0 combinational loops in the design.


10. checking partial_input_delay
--------------------------------
 There are 0 input ports with partial input delay specified.


11. checking partial_output_delay
---------------------------------
 There are 0 ports with partial output delay specified.


12. checking latch_loops
------------------------
 There are 0 combinational latch loops in the design through latch input



------------------------------------------------------------------------------------------------
| Design Timing Summary
| ---------------------
------------------------------------------------------------------------------------------------

    WNS(ns)      TNS(ns)  TNS Failing Endpoints  TNS Total Endpoints      WHS(ns)      THS(ns)  THS Failing Endpoints  THS Total Endpoints     WPWS(ns)     TPWS(ns)  TPWS Failing Endpoints  TPWS Total Endpoints  
    -------      -------  ---------------------  -------------------      -------      -------  ---------------------  -------------------     --------     --------  ----------------------  --------------------  
      8.434        0.000                      0                    4        0.297        0.000                      0                    4        4.500        0.000                       0                     5  


All user specified timing constraints are met.


------------------------------------------------------------------------------------------------
| Clock Summary
| -------------
------------------------------------------------------------------------------------------------

Clock        Waveform(ns)       Period(ns)      Frequency(MHz)
-----        ------------       ----------      --------------
sys_clk_pin  {0.000 5.000}      10.000          100.000         


------------------------------------------------------------------------------------------------
| Intra Clock Table
| -----------------
------------------------------------------------------------------------------------------------

Clock             WNS(ns)      TNS(ns)  TNS Failing Endpoints  TNS Total Endpoints      WHS(ns)      THS(ns)  THS Failing Endpoints  THS Total Endpoints     WPWS(ns)     TPWS(ns)  TPWS Failing Endpoints  TPWS Total Endpoints  
-----             -------      -------  ---------------------  -------------------      -------      -------  ---------------------  -------------------     --------     --------  ----------------------  --------------------  
sys_clk_pin         8.434        0.000                      0                    4        0.297        0.000                      0                    4        4.500        0.000                       0                     5  


------------------------------------------------------------------------------------------------
| Inter Clock Table
| -----------------
------------------------------------------------------------------------------------------------

From Clock    To Clock          WNS(ns)      TNS(ns)  TNS Failing Endpoints  TNS Total Endpoints      WHS(ns)      THS(ns)  THS Failing Endpoints  THS Total Endpoints  
----------    --------          -------      -------  ---------------------  -------------------      -------      -------  ---------------------  -------------------  


------------------------------------------------------------------------------------------------
| Other Path Groups Table
| -----------------------
------------------------------------------------------------------------------------------------

Path Group    From Clock    To Clock          WNS(ns)      TNS(ns)  TNS Failing Endpoints  TNS Total Endpoints      WHS(ns)      THS(ns)  THS Failing Endpoints  THS Total Endpoints  
----------    ----------    --------          -------      -------  ---------------------  -------------------      -------      -------  ---------------------  -------------------  


------------------------------------------------------------------------------------------------
| Timing Details
| --------------
------------------------------------------------------------------------------------------------


---------------------------------------------------------------------------------------------------
From Clock:  sys_clk_pin
  To Clock:  sys_clk_pin

Setup :            0  Failing Endpoints,  Worst Slack        8.434ns,  Total Violation        0.000ns
Hold  :            0  Failing Endpoints,  Worst Slack        0.297ns,  Total Violation        0.000ns
PW    :            0  Failing Endpoints,  Worst Slack        4.500ns,  Total Violation        0.000ns
---------------------------------------------------------------------------------------------------


Max Delay Paths
--------------------------------------------------------------------------------------
Slack (MET) :             8.434ns  (required time - arrival time)
  Source:                 clk625/COUNT_reg[1]/C
                            (rising edge-triggered cell FDRE clocked by sys_clk_pin  {rise@0.000ns fall@5.000ns period=10.000ns})
  Destination:            clk625/COUNT_reg[1]/D
                            (rising edge-triggered cell FDRE clocked by sys_clk_pin  {rise@0.000ns fall@5.000ns period=10.000ns})
  Path Group:             sys_clk_pin
  Path Type:              Setup (Max at Slow Process Corner)
  Requirement:            10.000ns  (sys_clk_pin rise@10.000ns - sys_clk_pin rise@0.000ns)
  Data Path Delay:        1.606ns  (logic 0.746ns (46.448%)  route 0.860ns (53.552%))
  Logic Levels:           1  (LUT2=1)
  Clock Path Skew:        0.000ns (DCD - SCD + CPR)
    Destination Clock Delay (DCD):    4.787ns = ( 14.787 - 10.000 ) 
    Source Clock Delay      (SCD):    5.087ns
    Clock Pessimism Removal (CPR):    0.300ns
  Clock Uncertainty:      0.035ns  ((TSJ^2 + TIJ^2)^1/2 + DJ) / 2 + PE
    Total System Jitter     (TSJ):    0.071ns
    Total Input Jitter      (TIJ):    0.000ns
    Discrete Jitter          (DJ):    0.000ns
    Phase Error              (PE):    0.000ns

    Location             Delay type                Incr(ns)  Path(ns)    Netlist Resource(s)
  -------------------------------------------------------------------    -------------------
                         (clock sys_clk_pin rise edge)
                                                      0.000     0.000 r  
    W5                                                0.000     0.000 r  CLK (IN)
                         net (fo=0)                   0.000     0.000    CLK
    W5                   IBUF (Prop_ibuf_I_O)         1.458     1.458 r  CLK_IBUF_inst/O
                         net (fo=1, routed)           1.967     3.425    CLK_IBUF
    BUFGCTRL_X0Y1        BUFG (Prop_bufg_I_O)         0.096     3.521 r  CLK_IBUF_BUFG_inst/O
                         net (fo=4, routed)           1.566     5.087    clk625/CLK
    SLICE_X32Y48         FDRE                                         r  clk625/COUNT_reg[1]/C
  -------------------------------------------------------------------    -------------------
    SLICE_X32Y48         FDRE (Prop_fdre_C_Q)         0.419     5.506 r  clk625/COUNT_reg[1]/Q
                         net (fo=3, routed)           0.860     6.366    clk625/COUNT[1]
    SLICE_X32Y48         LUT2 (Prop_lut2_I1_O)        0.327     6.693 r  clk625/COUNT[1]_i_1/O
                         net (fo=1, routed)           0.000     6.693    clk625/COUNT[1]_i_1_n_0
    SLICE_X32Y48         FDRE                                         r  clk625/COUNT_reg[1]/D
  -------------------------------------------------------------------    -------------------

                         (clock sys_clk_pin rise edge)
                                                     10.000    10.000 r  
    W5                                                0.000    10.000 r  CLK (IN)
                         net (fo=0)                   0.000    10.000    CLK
    W5                   IBUF (Prop_ibuf_I_O)         1.388    11.388 r  CLK_IBUF_inst/O
                         net (fo=1, routed)           1.862    13.250    CLK_IBUF
    BUFGCTRL_X0Y1        BUFG (Prop_bufg_I_O)         0.091    13.341 r  CLK_IBUF_BUFG_inst/O
                         net (fo=4, routed)           1.446    14.787    clk625/CLK
    SLICE_X32Y48         FDRE                                         r  clk625/COUNT_reg[1]/C
                         clock pessimism              0.300    15.087    
                         clock uncertainty           -0.035    15.052    
    SLICE_X32Y48         FDRE (Setup_fdre_C_D)        0.075    15.127    clk625/COUNT_reg[1]
  -------------------------------------------------------------------
                         required time                         15.127    
                         arrival time                          -6.693    
  -------------------------------------------------------------------
                         slack                                  8.434    

Slack (MET) :             8.446ns  (required time - arrival time)
  Source:                 clk625/COUNT_reg[0]/C
                            (rising edge-triggered cell FDRE clocked by sys_clk_pin  {rise@0.000ns fall@5.000ns period=10.000ns})
  Destination:            clk625/COUNT_reg[0]/D
                            (rising edge-triggered cell FDRE clocked by sys_clk_pin  {rise@0.000ns fall@5.000ns period=10.000ns})
  Path Group:             sys_clk_pin
  Path Type:              Setup (Max at Slow Process Corner)
  Requirement:            10.000ns  (sys_clk_pin rise@10.000ns - sys_clk_pin rise@0.000ns)
  Data Path Delay:        1.547ns  (logic 0.580ns (37.488%)  route 0.967ns (62.512%))
  Logic Levels:           1  (LUT1=1)
  Clock Path Skew:        0.000ns (DCD - SCD + CPR)
    Destination Clock Delay (DCD):    4.787ns = ( 14.787 - 10.000 ) 
    Source Clock Delay      (SCD):    5.087ns
    Clock Pessimism Removal (CPR):    0.300ns
  Clock Uncertainty:      0.035ns  ((TSJ^2 + TIJ^2)^1/2 + DJ) / 2 + PE
    Total System Jitter     (TSJ):    0.071ns
    Total Input Jitter      (TIJ):    0.000ns
    Discrete Jitter          (DJ):    0.000ns
    Phase Error              (PE):    0.000ns

    Location             Delay type                Incr(ns)  Path(ns)    Netlist Resource(s)
  -------------------------------------------------------------------    -------------------
                         (clock sys_clk_pin rise edge)
                                                      0.000     0.000 r  
    W5                                                0.000     0.000 r  CLK (IN)
                         net (fo=0)                   0.000     0.000    CLK
    W5                   IBUF (Prop_ibuf_I_O)         1.458     1.458 r  CLK_IBUF_inst/O
                         net (fo=1, routed)           1.967     3.425    CLK_IBUF
    BUFGCTRL_X0Y1        BUFG (Prop_bufg_I_O)         0.096     3.521 r  CLK_IBUF_BUFG_inst/O
                         net (fo=4, routed)           1.566     5.087    clk625/CLK
    SLICE_X32Y48         FDRE                                         r  clk625/COUNT_reg[0]/C
  -------------------------------------------------------------------    -------------------
    SLICE_X32Y48         FDRE (Prop_fdre_C_Q)         0.456     5.543 f  clk625/COUNT_reg[0]/Q
                         net (fo=4, routed)           0.967     6.510    clk625/COUNT[0]
    SLICE_X32Y48         LUT1 (Prop_lut1_I0_O)        0.124     6.634 r  clk625/COUNT[0]_i_1/O
                         net (fo=1, routed)           0.000     6.634    clk625/COUNT[0]_i_1_n_0
    SLICE_X32Y48         FDRE                                         r  clk625/COUNT_reg[0]/D
  -------------------------------------------------------------------    -------------------

                         (clock sys_clk_pin rise edge)
                                                     10.000    10.000 r  
    W5                                                0.000    10.000 r  CLK (IN)
                         net (fo=0)                   0.000    10.000    CLK
    W5                   IBUF (Prop_ibuf_I_O)         1.388    11.388 r  CLK_IBUF_inst/O
                         net (fo=1, routed)           1.862    13.250    CLK_IBUF
    BUFGCTRL_X0Y1        BUFG (Prop_bufg_I_O)         0.091    13.341 r  CLK_IBUF_BUFG_inst/O
                         net (fo=4, routed)           1.446    14.787    clk625/CLK
    SLICE_X32Y48         FDRE                                         r  clk625/COUNT_reg[0]/C
                         clock pessimism              0.300    15.087    
                         clock uncertainty           -0.035    15.052    
    SLICE_X32Y48         FDRE (Setup_fdre_C_D)        0.029    15.081    clk625/COUNT_reg[0]
  -------------------------------------------------------------------
                         required time                         15.081    
                         arrival time                          -6.634    
  -------------------------------------------------------------------
                         slack                                  8.446    

Slack (MET) :             8.456ns  (required time - arrival time)
  Source:                 clk625/COUNT_reg[0]/C
                            (rising edge-triggered cell FDRE clocked by sys_clk_pin  {rise@0.000ns fall@5.000ns period=10.000ns})
  Destination:            clk625/COUNT_reg[2]/D
                            (rising edge-triggered cell FDRE clocked by sys_clk_pin  {rise@0.000ns fall@5.000ns period=10.000ns})
  Path Group:             sys_clk_pin
  Path Type:              Setup (Max at Slow Process Corner)
  Requirement:            10.000ns  (sys_clk_pin rise@10.000ns - sys_clk_pin rise@0.000ns)
  Data Path Delay:        1.540ns  (logic 0.580ns (37.664%)  route 0.960ns (62.336%))
  Logic Levels:           1  (LUT3=1)
  Clock Path Skew:        0.000ns (DCD - SCD + CPR)
    Destination Clock Delay (DCD):    4.787ns = ( 14.787 - 10.000 ) 
    Source Clock Delay      (SCD):    5.087ns
    Clock Pessimism Removal (CPR):    0.300ns
  Clock Uncertainty:      0.035ns  ((TSJ^2 + TIJ^2)^1/2 + DJ) / 2 + PE
    Total System Jitter     (TSJ):    0.071ns
    Total Input Jitter      (TIJ):    0.000ns
    Discrete Jitter          (DJ):    0.000ns
    Phase Error              (PE):    0.000ns

    Location             Delay type                Incr(ns)  Path(ns)    Netlist Resource(s)
  -------------------------------------------------------------------    -------------------
                         (clock sys_clk_pin rise edge)
                                                      0.000     0.000 r  
    W5                                                0.000     0.000 r  CLK (IN)
                         net (fo=0)                   0.000     0.000    CLK
    W5                   IBUF (Prop_ibuf_I_O)         1.458     1.458 r  CLK_IBUF_inst/O
                         net (fo=1, routed)           1.967     3.425    CLK_IBUF
    BUFGCTRL_X0Y1        BUFG (Prop_bufg_I_O)         0.096     3.521 r  CLK_IBUF_BUFG_inst/O
                         net (fo=4, routed)           1.566     5.087    clk625/CLK
    SLICE_X32Y48         FDRE                                         r  clk625/COUNT_reg[0]/C
  -------------------------------------------------------------------    -------------------
    SLICE_X32Y48         FDRE (Prop_fdre_C_Q)         0.456     5.543 r  clk625/COUNT_reg[0]/Q
                         net (fo=4, routed)           0.960     6.503    clk625/COUNT[0]
    SLICE_X32Y48         LUT3 (Prop_lut3_I1_O)        0.124     6.627 r  clk625/COUNT[2]_i_1/O
                         net (fo=1, routed)           0.000     6.627    clk625/COUNT[2]_i_1_n_0
    SLICE_X32Y48         FDRE                                         r  clk625/COUNT_reg[2]/D
  -------------------------------------------------------------------    -------------------

                         (clock sys_clk_pin rise edge)
                                                     10.000    10.000 r  
    W5                                                0.000    10.000 r  CLK (IN)
                         net (fo=0)                   0.000    10.000    CLK
    W5                   IBUF (Prop_ibuf_I_O)         1.388    11.388 r  CLK_IBUF_inst/O
                         net (fo=1, routed)           1.862    13.250    CLK_IBUF
    BUFGCTRL_X0Y1        BUFG (Prop_bufg_I_O)         0.091    13.341 r  CLK_IBUF_BUFG_inst/O
                         net (fo=4, routed)           1.446    14.787    clk625/CLK
    SLICE_X32Y48         FDRE                                         r  clk625/COUNT_reg[2]/C
                         clock pessimism              0.300    15.087    
                         clock uncertainty           -0.035    15.052    
    SLICE_X32Y48         FDRE (Setup_fdre_C_D)        0.031    15.083    clk625/COUNT_reg[2]
  -------------------------------------------------------------------
                         required time                         15.083    
                         arrival time                          -6.627    
  -------------------------------------------------------------------
                         slack                                  8.456    

Slack (MET) :             8.472ns  (required time - arrival time)
  Source:                 clk625/COUNT_reg[0]/C
                            (rising edge-triggered cell FDRE clocked by sys_clk_pin  {rise@0.000ns fall@5.000ns period=10.000ns})
  Destination:            clk625/SLOW_CLK_reg/D
                            (rising edge-triggered cell FDRE clocked by sys_clk_pin  {rise@0.000ns fall@5.000ns period=10.000ns})
  Path Group:             sys_clk_pin
  Path Type:              Setup (Max at Slow Process Corner)
  Requirement:            10.000ns  (sys_clk_pin rise@10.000ns - sys_clk_pin rise@0.000ns)
  Data Path Delay:        1.568ns  (logic 0.608ns (38.777%)  route 0.960ns (61.222%))
  Logic Levels:           1  (LUT4=1)
  Clock Path Skew:        0.000ns (DCD - SCD + CPR)
    Destination Clock Delay (DCD):    4.787ns = ( 14.787 - 10.000 ) 
    Source Clock Delay      (SCD):    5.087ns
    Clock Pessimism Removal (CPR):    0.300ns
  Clock Uncertainty:      0.035ns  ((TSJ^2 + TIJ^2)^1/2 + DJ) / 2 + PE
    Total System Jitter     (TSJ):    0.071ns
    Total Input Jitter      (TIJ):    0.000ns
    Discrete Jitter          (DJ):    0.000ns
    Phase Error              (PE):    0.000ns

    Location             Delay type                Incr(ns)  Path(ns)    Netlist Resource(s)
  -------------------------------------------------------------------    -------------------
                         (clock sys_clk_pin rise edge)
                                                      0.000     0.000 r  
    W5                                                0.000     0.000 r  CLK (IN)
                         net (fo=0)                   0.000     0.000    CLK
    W5                   IBUF (Prop_ibuf_I_O)         1.458     1.458 r  CLK_IBUF_inst/O
                         net (fo=1, routed)           1.967     3.425    CLK_IBUF
    BUFGCTRL_X0Y1        BUFG (Prop_bufg_I_O)         0.096     3.521 r  CLK_IBUF_BUFG_inst/O
                         net (fo=4, routed)           1.566     5.087    clk625/CLK
    SLICE_X32Y48         FDRE                                         r  clk625/COUNT_reg[0]/C
  -------------------------------------------------------------------    -------------------
    SLICE_X32Y48         FDRE (Prop_fdre_C_Q)         0.456     5.543 r  clk625/COUNT_reg[0]/Q
                         net (fo=4, routed)           0.960     6.503    clk625/COUNT[0]
    SLICE_X32Y48         LUT4 (Prop_lut4_I1_O)        0.152     6.655 r  clk625/SLOW_CLK_i_1/O
                         net (fo=1, routed)           0.000     6.655    clk625/SLOW_CLK_i_1_n_0
    SLICE_X32Y48         FDRE                                         r  clk625/SLOW_CLK_reg/D
  -------------------------------------------------------------------    -------------------

                         (clock sys_clk_pin rise edge)
                                                     10.000    10.000 r  
    W5                                                0.000    10.000 r  CLK (IN)
                         net (fo=0)                   0.000    10.000    CLK
    W5                   IBUF (Prop_ibuf_I_O)         1.388    11.388 r  CLK_IBUF_inst/O
                         net (fo=1, routed)           1.862    13.250    CLK_IBUF
    BUFGCTRL_X0Y1        BUFG (Prop_bufg_I_O)         0.091    13.341 r  CLK_IBUF_BUFG_inst/O
                         net (fo=4, routed)           1.446    14.787    clk625/CLK
    SLICE_X32Y48         FDRE                                         r  clk625/SLOW_CLK_reg/C
                         clock pessimism              0.300    15.087    
                         clock uncertainty           -0.035    15.052    
    SLICE_X32Y48         FDRE (Setup_fdre_C_D)        0.075    15.127    clk625/SLOW_CLK_reg
  -------------------------------------------------------------------
                         required time                         15.127    
                         arrival time                          -6.655    
  -------------------------------------------------------------------
                         slack                                  8.472    





Min Delay Paths
--------------------------------------------------------------------------------------
Slack (MET) :             0.297ns  (arrival time - required time)
  Source:                 clk625/COUNT_reg[1]/C
                            (rising edge-triggered cell FDRE clocked by sys_clk_pin  {rise@0.000ns fall@5.000ns period=10.000ns})
  Destination:            clk625/SLOW_CLK_reg/D
                            (rising edge-triggered cell FDRE clocked by sys_clk_pin  {rise@0.000ns fall@5.000ns period=10.000ns})
  Path Group:             sys_clk_pin
  Path Type:              Hold (Min at Fast Process Corner)
  Requirement:            0.000ns  (sys_clk_pin rise@0.000ns - sys_clk_pin rise@0.000ns)
  Data Path Delay:        0.404ns  (logic 0.231ns (57.197%)  route 0.173ns (42.803%))
  Logic Levels:           1  (LUT4=1)
  Clock Path Skew:        0.000ns (DCD - SCD - CPR)
    Destination Clock Delay (DCD):    1.960ns
    Source Clock Delay      (SCD):    1.447ns
    Clock Pessimism Removal (CPR):    0.513ns

    Location             Delay type                Incr(ns)  Path(ns)    Netlist Resource(s)
  -------------------------------------------------------------------    -------------------
                         (clock sys_clk_pin rise edge)
                                                      0.000     0.000 r  
    W5                                                0.000     0.000 r  CLK (IN)
                         net (fo=0)                   0.000     0.000    CLK
    W5                   IBUF (Prop_ibuf_I_O)         0.226     0.226 r  CLK_IBUF_inst/O
                         net (fo=1, routed)           0.631     0.858    CLK_IBUF
    BUFGCTRL_X0Y1        BUFG (Prop_bufg_I_O)         0.026     0.884 r  CLK_IBUF_BUFG_inst/O
                         net (fo=4, routed)           0.564     1.447    clk625/CLK
    SLICE_X32Y48         FDRE                                         r  clk625/COUNT_reg[1]/C
  -------------------------------------------------------------------    -------------------
    SLICE_X32Y48         FDRE (Prop_fdre_C_Q)         0.128     1.575 r  clk625/COUNT_reg[1]/Q
                         net (fo=3, routed)           0.173     1.748    clk625/COUNT[1]
    SLICE_X32Y48         LUT4 (Prop_lut4_I2_O)        0.103     1.851 r  clk625/SLOW_CLK_i_1/O
                         net (fo=1, routed)           0.000     1.851    clk625/SLOW_CLK_i_1_n_0
    SLICE_X32Y48         FDRE                                         r  clk625/SLOW_CLK_reg/D
  -------------------------------------------------------------------    -------------------

                         (clock sys_clk_pin rise edge)
                                                      0.000     0.000 r  
    W5                                                0.000     0.000 r  CLK (IN)
                         net (fo=0)                   0.000     0.000    CLK
    W5                   IBUF (Prop_ibuf_I_O)         0.414     0.414 r  CLK_IBUF_inst/O
                         net (fo=1, routed)           0.685     1.099    CLK_IBUF
    BUFGCTRL_X0Y1        BUFG (Prop_bufg_I_O)         0.029     1.128 r  CLK_IBUF_BUFG_inst/O
                         net (fo=4, routed)           0.833     1.960    clk625/CLK
    SLICE_X32Y48         FDRE                                         r  clk625/SLOW_CLK_reg/C
                         clock pessimism             -0.513     1.447    
    SLICE_X32Y48         FDRE (Hold_fdre_C_D)         0.107     1.554    clk625/SLOW_CLK_reg
  -------------------------------------------------------------------
                         required time                         -1.554    
                         arrival time                           1.851    
  -------------------------------------------------------------------
                         slack                                  0.297    

Slack (MET) :             0.308ns  (arrival time - required time)
  Source:                 clk625/COUNT_reg[1]/C
                            (rising edge-triggered cell FDRE clocked by sys_clk_pin  {rise@0.000ns fall@5.000ns period=10.000ns})
  Destination:            clk625/COUNT_reg[2]/D
                            (rising edge-triggered cell FDRE clocked by sys_clk_pin  {rise@0.000ns fall@5.000ns period=10.000ns})
  Path Group:             sys_clk_pin
  Path Type:              Hold (Min at Fast Process Corner)
  Requirement:            0.000ns  (sys_clk_pin rise@0.000ns - sys_clk_pin rise@0.000ns)
  Data Path Delay:        0.400ns  (logic 0.227ns (56.769%)  route 0.173ns (43.231%))
  Logic Levels:           1  (LUT3=1)
  Clock Path Skew:        0.000ns (DCD - SCD - CPR)
    Destination Clock Delay (DCD):    1.960ns
    Source Clock Delay      (SCD):    1.447ns
    Clock Pessimism Removal (CPR):    0.513ns

    Location             Delay type                Incr(ns)  Path(ns)    Netlist Resource(s)
  -------------------------------------------------------------------    -------------------
                         (clock sys_clk_pin rise edge)
                                                      0.000     0.000 r  
    W5                                                0.000     0.000 r  CLK (IN)
                         net (fo=0)                   0.000     0.000    CLK
    W5                   IBUF (Prop_ibuf_I_O)         0.226     0.226 r  CLK_IBUF_inst/O
                         net (fo=1, routed)           0.631     0.858    CLK_IBUF
    BUFGCTRL_X0Y1        BUFG (Prop_bufg_I_O)         0.026     0.884 r  CLK_IBUF_BUFG_inst/O
                         net (fo=4, routed)           0.564     1.447    clk625/CLK
    SLICE_X32Y48         FDRE                                         r  clk625/COUNT_reg[1]/C
  -------------------------------------------------------------------    -------------------
    SLICE_X32Y48         FDRE (Prop_fdre_C_Q)         0.128     1.575 r  clk625/COUNT_reg[1]/Q
                         net (fo=3, routed)           0.173     1.748    clk625/COUNT[1]
    SLICE_X32Y48         LUT3 (Prop_lut3_I2_O)        0.099     1.847 r  clk625/COUNT[2]_i_1/O
                         net (fo=1, routed)           0.000     1.847    clk625/COUNT[2]_i_1_n_0
    SLICE_X32Y48         FDRE                                         r  clk625/COUNT_reg[2]/D
  -------------------------------------------------------------------    -------------------

                         (clock sys_clk_pin rise edge)
                                                      0.000     0.000 r  
    W5                                                0.000     0.000 r  CLK (IN)
                         net (fo=0)                   0.000     0.000    CLK
    W5                   IBUF (Prop_ibuf_I_O)         0.414     0.414 r  CLK_IBUF_inst/O
                         net (fo=1, routed)           0.685     1.099    CLK_IBUF
    BUFGCTRL_X0Y1        BUFG (Prop_bufg_I_O)         0.029     1.128 r  CLK_IBUF_BUFG_inst/O
                         net (fo=4, routed)           0.833     1.960    clk625/CLK
    SLICE_X32Y48         FDRE                                         r  clk625/COUNT_reg[2]/C
                         clock pessimism             -0.513     1.447    
    SLICE_X32Y48         FDRE (Hold_fdre_C_D)         0.092     1.539    clk625/COUNT_reg[2]
  -------------------------------------------------------------------
                         required time                         -1.539    
                         arrival time                           1.847    
  -------------------------------------------------------------------
                         slack                                  0.308    

Slack (MET) :             0.409ns  (arrival time - required time)
  Source:                 clk625/COUNT_reg[0]/C
                            (rising edge-triggered cell FDRE clocked by sys_clk_pin  {rise@0.000ns fall@5.000ns period=10.000ns})
  Destination:            clk625/COUNT_reg[1]/D
                            (rising edge-triggered cell FDRE clocked by sys_clk_pin  {rise@0.000ns fall@5.000ns period=10.000ns})
  Path Group:             sys_clk_pin
  Path Type:              Hold (Min at Fast Process Corner)
  Requirement:            0.000ns  (sys_clk_pin rise@0.000ns - sys_clk_pin rise@0.000ns)
  Data Path Delay:        0.516ns  (logic 0.185ns (35.842%)  route 0.331ns (64.158%))
  Logic Levels:           1  (LUT2=1)
  Clock Path Skew:        0.000ns (DCD - SCD - CPR)
    Destination Clock Delay (DCD):    1.960ns
    Source Clock Delay      (SCD):    1.447ns
    Clock Pessimism Removal (CPR):    0.513ns

    Location             Delay type                Incr(ns)  Path(ns)    Netlist Resource(s)
  -------------------------------------------------------------------    -------------------
                         (clock sys_clk_pin rise edge)
                                                      0.000     0.000 r  
    W5                                                0.000     0.000 r  CLK (IN)
                         net (fo=0)                   0.000     0.000    CLK
    W5                   IBUF (Prop_ibuf_I_O)         0.226     0.226 r  CLK_IBUF_inst/O
                         net (fo=1, routed)           0.631     0.858    CLK_IBUF
    BUFGCTRL_X0Y1        BUFG (Prop_bufg_I_O)         0.026     0.884 r  CLK_IBUF_BUFG_inst/O
                         net (fo=4, routed)           0.564     1.447    clk625/CLK
    SLICE_X32Y48         FDRE                                         r  clk625/COUNT_reg[0]/C
  -------------------------------------------------------------------    -------------------
    SLICE_X32Y48         FDRE (Prop_fdre_C_Q)         0.141     1.588 r  clk625/COUNT_reg[0]/Q
                         net (fo=4, routed)           0.331     1.919    clk625/COUNT[0]
    SLICE_X32Y48         LUT2 (Prop_lut2_I0_O)        0.044     1.963 r  clk625/COUNT[1]_i_1/O
                         net (fo=1, routed)           0.000     1.963    clk625/COUNT[1]_i_1_n_0
    SLICE_X32Y48         FDRE                                         r  clk625/COUNT_reg[1]/D
  -------------------------------------------------------------------    -------------------

                         (clock sys_clk_pin rise edge)
                                                      0.000     0.000 r  
    W5                                                0.000     0.000 r  CLK (IN)
                         net (fo=0)                   0.000     0.000    CLK
    W5                   IBUF (Prop_ibuf_I_O)         0.414     0.414 r  CLK_IBUF_inst/O
                         net (fo=1, routed)           0.685     1.099    CLK_IBUF
    BUFGCTRL_X0Y1        BUFG (Prop_bufg_I_O)         0.029     1.128 r  CLK_IBUF_BUFG_inst/O
                         net (fo=4, routed)           0.833     1.960    clk625/CLK
    SLICE_X32Y48         FDRE                                         r  clk625/COUNT_reg[1]/C
                         clock pessimism             -0.513     1.447    
    SLICE_X32Y48         FDRE (Hold_fdre_C_D)         0.107     1.554    clk625/COUNT_reg[1]
  -------------------------------------------------------------------
                         required time                         -1.554    
                         arrival time                           1.963    
  -------------------------------------------------------------------
                         slack                                  0.409    

Slack (MET) :             0.426ns  (arrival time - required time)
  Source:                 clk625/COUNT_reg[0]/C
                            (rising edge-triggered cell FDRE clocked by sys_clk_pin  {rise@0.000ns fall@5.000ns period=10.000ns})
  Destination:            clk625/COUNT_reg[0]/D
                            (rising edge-triggered cell FDRE clocked by sys_clk_pin  {rise@0.000ns fall@5.000ns period=10.000ns})
  Path Group:             sys_clk_pin
  Path Type:              Hold (Min at Fast Process Corner)
  Requirement:            0.000ns  (sys_clk_pin rise@0.000ns - sys_clk_pin rise@0.000ns)
  Data Path Delay:        0.517ns  (logic 0.186ns (35.967%)  route 0.331ns (64.033%))
  Logic Levels:           1  (LUT1=1)
  Clock Path Skew:        0.000ns (DCD - SCD - CPR)
    Destination Clock Delay (DCD):    1.960ns
    Source Clock Delay      (SCD):    1.447ns
    Clock Pessimism Removal (CPR):    0.513ns

    Location             Delay type                Incr(ns)  Path(ns)    Netlist Resource(s)
  -------------------------------------------------------------------    -------------------
                         (clock sys_clk_pin rise edge)
                                                      0.000     0.000 r  
    W5                                                0.000     0.000 r  CLK (IN)
                         net (fo=0)                   0.000     0.000    CLK
    W5                   IBUF (Prop_ibuf_I_O)         0.226     0.226 r  CLK_IBUF_inst/O
                         net (fo=1, routed)           0.631     0.858    CLK_IBUF
    BUFGCTRL_X0Y1        BUFG (Prop_bufg_I_O)         0.026     0.884 r  CLK_IBUF_BUFG_inst/O
                         net (fo=4, routed)           0.564     1.447    clk625/CLK
    SLICE_X32Y48         FDRE                                         r  clk625/COUNT_reg[0]/C
  -------------------------------------------------------------------    -------------------
    SLICE_X32Y48         FDRE (Prop_fdre_C_Q)         0.141     1.588 f  clk625/COUNT_reg[0]/Q
                         net (fo=4, routed)           0.331     1.919    clk625/COUNT[0]
    SLICE_X32Y48         LUT1 (Prop_lut1_I0_O)        0.045     1.964 r  clk625/COUNT[0]_i_1/O
                         net (fo=1, routed)           0.000     1.964    clk625/COUNT[0]_i_1_n_0
    SLICE_X32Y48         FDRE                                         r  clk625/COUNT_reg[0]/D
  -------------------------------------------------------------------    -------------------

                         (clock sys_clk_pin rise edge)
                                                      0.000     0.000 r  
    W5                                                0.000     0.000 r  CLK (IN)
                         net (fo=0)                   0.000     0.000    CLK
    W5                   IBUF (Prop_ibuf_I_O)         0.414     0.414 r  CLK_IBUF_inst/O
                         net (fo=1, routed)           0.685     1.099    CLK_IBUF
    BUFGCTRL_X0Y1        BUFG (Prop_bufg_I_O)         0.029     1.128 r  CLK_IBUF_BUFG_inst/O
                         net (fo=4, routed)           0.833     1.960    clk625/CLK
    SLICE_X32Y48         FDRE                                         r  clk625/COUNT_reg[0]/C
                         clock pessimism             -0.513     1.447    
    SLICE_X32Y48         FDRE (Hold_fdre_C_D)         0.091     1.538    clk625/COUNT_reg[0]
  -------------------------------------------------------------------
                         required time                         -1.538    
                         arrival time                           1.964    
  -------------------------------------------------------------------
                         slack                                  0.426    





Pulse Width Checks
--------------------------------------------------------------------------------------
Clock Name:         sys_clk_pin
Waveform(ns):       { 0.000 5.000 }
Period(ns):         10.000
Sources:            { CLK }

Check Type        Corner  Lib Pin  Reference Pin  Required(ns)  Actual(ns)  Slack(ns)  Location       Pin
Min Period        n/a     BUFG/I   n/a            2.155         10.000      7.845      BUFGCTRL_X0Y1  CLK_IBUF_BUFG_inst/I
Min Period        n/a     FDRE/C   n/a            1.000         10.000      9.000      SLICE_X32Y48   clk625/COUNT_reg[0]/C
Min Period        n/a     FDRE/C   n/a            1.000         10.000      9.000      SLICE_X32Y48   clk625/COUNT_reg[1]/C
Min Period        n/a     FDRE/C   n/a            1.000         10.000      9.000      SLICE_X32Y48   clk625/COUNT_reg[2]/C
Min Period        n/a     FDRE/C   n/a            1.000         10.000      9.000      SLICE_X32Y48   clk625/SLOW_CLK_reg/C
Low Pulse Width   Slow    FDRE/C   n/a            0.500         5.000       4.500      SLICE_X32Y48   clk625/COUNT_reg[0]/C
Low Pulse Width   Slow    FDRE/C   n/a            0.500         5.000       4.500      SLICE_X32Y48   clk625/COUNT_reg[1]/C
Low Pulse Width   Slow    FDRE/C   n/a            0.500         5.000       4.500      SLICE_X32Y48   clk625/COUNT_reg[2]/C
Low Pulse Width   Slow    FDRE/C   n/a            0.500         5.000       4.500      SLICE_X32Y48   clk625/SLOW_CLK_reg/C
Low Pulse Width   Fast    FDRE/C   n/a            0.500         5.000       4.500      SLICE_X32Y48   clk625/COUNT_reg[0]/C
Low Pulse Width   Fast    FDRE/C   n/a            0.500         5.000       4.500      SLICE_X32Y48   clk625/COUNT_reg[1]/C
Low Pulse Width   Fast    FDRE/C   n/a            0.500         5.000       4.500      SLICE_X32Y48   clk625/COUNT_reg[2]/C
Low Pulse Width   Fast    FDRE/C   n/a            0.500         5.000       4.500      SLICE_X32Y48   clk625/SLOW_CLK_reg/C
High Pulse Width  Slow    FDRE/C   n/a            0.500         5.000       4.500      SLICE_X32Y48   clk625/COUNT_reg[0]/C
High Pulse Width  Fast    FDRE/C   n/a            0.500         5.000       4.500      SLICE_X32Y48   clk625/COUNT_reg[0]/C
High Pulse Width  Slow    FDRE/C   n/a            0.500         5.000       4.500      SLICE_X32Y48   clk625/COUNT_reg[1]/C
High Pulse Width  Fast    FDRE/C   n/a            0.500         5.000       4.500      SLICE_X32Y48   clk625/COUNT_reg[1]/C
High Pulse Width  Slow    FDRE/C   n/a            0.500         5.000       4.500      SLICE_X32Y48   clk625/COUNT_reg[2]/C
High Pulse Width  Fast    FDRE/C   n/a            0.500         5.000       4.500      SLICE_X32Y48   clk625/COUNT_reg[2]/C
High Pulse Width  Slow    FDRE/C   n/a            0.500         5.000       4.500      SLICE_X32Y48   clk625/SLOW_CLK_reg/C
High Pulse Width  Fast    FDRE/C   n/a            0.500         5.000       4.500      SLICE_X32Y48   clk625/SLOW_CLK_reg/C



