Copyright 1986-2018 Xilinx, Inc. All Rights Reserved.
----------------------------------------------------------------------------------------
| Tool Version : Vivado v.2018.2 (win64) Build 2258646 Thu Jun 14 20:03:12 MDT 2018
| Date         : Tue Oct 17 22:41:00 2023
| Host         : MSI running 64-bit major release  (build 9200)
| Command      : report_control_sets -verbose -file Top_Student_control_sets_placed.rpt
| Design       : Top_Student
| Device       : xc7a35t
----------------------------------------------------------------------------------------

Control Set Information

Table of Contents
-----------------
1. Summary
2. Histogram
3. Flip-Flop Distribution
4. Detailed Control Set Information

1. Summary
----------

+----------------------------------------------------------+-------+
|                          Status                          | Count |
+----------------------------------------------------------+-------+
| Number of unique control sets                            |    85 |
| Unused register locations in slices containing registers |   150 |
+----------------------------------------------------------+-------+


2. Histogram
------------

+--------+--------------+
| Fanout | Control Sets |
+--------+--------------+
|      2 |            4 |
|      6 |            2 |
|      8 |           10 |
|     10 |            2 |
|     12 |            3 |
|     14 |            4 |
|    16+ |           60 |
+--------+--------------+


3. Flip-Flop Distribution
-------------------------

+--------------+-----------------------+------------------------+-----------------+--------------+
| Clock Enable | Synchronous Set/Reset | Asynchronous Set/Reset | Total Registers | Total Slices |
+--------------+-----------------------+------------------------+-----------------+--------------+
| No           | No                    | No                     |             634 |          153 |
| No           | No                    | Yes                    |            2204 |          297 |
| No           | Yes                   | No                     |             590 |           83 |
| Yes          | No                    | No                     |             394 |           59 |
| Yes          | No                    | Yes                    |             110 |           18 |
| Yes          | Yes                   | No                     |             638 |          128 |
+--------------+-----------------------+------------------------+-----------------+--------------+


4. Detailed Control Set Information
-----------------------------------

+----------------------------------------------+------------------------------------------------------------+------------------------------------------------------------+------------------+----------------+
|                 Clock Signal                 |                        Enable Signal                       |                      Set/Reset Signal                      | Slice Load Count | Bel Load Count |
+----------------------------------------------+------------------------------------------------------------+------------------------------------------------------------+------------------+----------------+
|  A/clk6p25m/clk                              |                                                            | oled/oled_data_reg[15]_1                                   |                1 |              2 |
|  A/btnU/btn                                  |                                                            |                                                            |                1 |              2 |
| ~CLK_6P25M_BUFG                              |                                                            |                                                            |                1 |              2 |
|  CLK_IBUF_BUFG                               |                                                            | oled/pixel_data_reg[10]                                    |                1 |              2 |
|  paint/mouse/state0                          |                                                            |                                                            |                2 |              6 |
|  canvas/clk_2                                |                                                            | paint/canvas/nn_inst/nn_rst                                |                3 |              6 |
|  CLK_IBUF_BUFG                               |                                                            | paint/mouse/Inst_Ps2Interface/clk_inter0                   |                1 |              8 |
|  paint/canvas/unit_6p25m/clk_6p25MHz         |                                                            | paint/canvas/mouse_press_y[5]_i_1_n_0                      |                1 |              8 |
|  paint/canvas/ccd_inst_27/CLK                |                                                            |                                                            |                2 |              8 |
|  CLK_IBUF_BUFG                               | paint/mouse/Inst_Ps2Interface/shift_frame                  | paint/mouse/Inst_Ps2Interface/reset_bit_count              |                2 |              8 |
|  clk                                         | C/col_end[3]_i_2_n_0                                       | C/col_end[3]_i_1_n_0                                       |                3 |              8 |
|  CLK_IBUF_BUFG                               |                                                            | paint/mouse/Inst_Ps2Interface/data_inter0                  |                1 |              8 |
|  clk                                         | C/green_row_end[4]_i_2_n_0                                 | C/green_row_end[4]_i_1_n_0                                 |                1 |              8 |
|  canvas/clk_2                                | paint/canvas/nn_inst/nn1/digit[3]_i_1_n_0                  | paint/canvas/nn_inst/nn_algo_rst                           |                1 |              8 |
|  CLK_IBUF_BUFG                               |                                                            | an[3]_i_1_n_0                                              |                1 |              8 |
|  canvas/clk_2                                | paint/canvas/nn_inst/nn1/FSM_sequential_state[1]_i_1_n_0   | paint/canvas/nn_inst/nn_algo_rst                           |                1 |              8 |
|  paint/canvas/colour_chooser_reg[15]_i_2_n_0 |                                                            |                                                            |                2 |             10 |
|  clk                                         | C/button_pressed                                           | C/col_end[3]_i_2_n_0                                       |                2 |             10 |
|  CLK_IBUF_BUFG                               | paint/mouse/Inst_Ps2Interface/right_down_reg               |                                                            |                2 |             12 |
|  clk                                         | C/green_col_end[6]_i_2_n_0                                 | C/green_col_end[6]_i_1_n_0                                 |                3 |             12 |
|  canvas/clk_2                                | paint/canvas/nn_inst/nn1/i[5]_i_1_n_0                      | paint/canvas/nn_inst/nn_algo_rst                           |                3 |             12 |
|  CLK_IBUF_BUFG                               | paint/mouse/Inst_Ps2Interface/delay_63clk_count[6]_i_2_n_0 | paint/mouse/Inst_Ps2Interface/delay_63clk_count[6]_i_1_n_0 |                2 |             14 |
|  A/clk6p25m/clk                              | A/timer[25]_i_1_n_0                                        |                                                            |                3 |             14 |
|  canvas/clk_2                                | paint/canvas/nn_inst/nn1/next_out_valid                    | paint/canvas/nn_inst/nn_algo_rst                           |                2 |             14 |
|  canvas/clk_2                                | paint/canvas/nn_inst/nn1/addr_inter0                       | paint/canvas/nn_inst/nn_algo_rst                           |                6 |             14 |
|  CLK_IBUF_BUFG                               | led[2]_i_1_n_0                                             |                                                            |                4 |             16 |
|  CLK_IBUF_BUFG                               | paint/mouse/Inst_Ps2Interface/x_inc_reg[0]                 |                                                            |                1 |             16 |
|  CLK_IBUF_BUFG                               | paint/mouse/Inst_Ps2Interface/load_rx_data                 |                                                            |                2 |             16 |
|  CLK_IBUF_BUFG                               | paint/mouse/Inst_Ps2Interface/y_inc_reg[0]                 |                                                            |                2 |             16 |
|  CLK_IBUF_BUFG                               | paint/mouse/tx_data0                                       |                                                            |                3 |             16 |
|  CLK_IBUF_BUFG                               | led[2]_i_1_n_0                                             | led[10]_i_1_n_0                                            |                4 |             16 |
|  canvas/clk_2                                | paint/canvas/nn_inst/nn1/j[9]_i_1_n_0                      | paint/canvas/nn_inst/nn_algo_rst                           |                5 |             20 |
|  CLK_IBUF_BUFG                               | paint/mouse/Inst_Ps2Interface/frame[9]_i_1_n_0             |                                                            |                2 |             20 |
|  A/clk6p25m/clk                              | A/timer[22]_i_1_n_0                                        |                                                            |                6 |             20 |
|  canvas/clk_2                                | paint/canvas/nn_inst/nn1/addr_img0                         | paint/canvas/nn_inst/nn_algo_rst                           |                5 |             20 |
|  canvas/clk_2                                | paint/canvas/nn_inst/nn1/digit_valid                       | paint/canvas/nn_inst/nn_rst                                |                2 |             20 |
|  canvas/clk_2                                | paint/canvas/nn_inst/imgw_valid_i_1_n_0                    | paint/canvas/nn_inst/nn_rst                                |                4 |             22 |
|  CLK_IBUF_BUFG                               | paint/mouse/Inst_Ps2Interface/delay_20us_count[10]_i_2_n_0 | paint/mouse/Inst_Ps2Interface/delay_20us_count[10]_i_1_n_0 |                3 |             22 |
|  A/clk6p25m/clk                              |                                                            |                                                            |                4 |             24 |
|  CLK_IBUF_BUFG                               | paint/mouse/y_new_reg_n_0                                  |                                                            |                4 |             24 |
|  CLK_IBUF_BUFG                               | paint/mouse/x_new_reg_n_0                                  |                                                            |                4 |             24 |
|  clk                                         |                                                            |                                                            |               11 |             26 |
|  CLK_IBUF_BUFG                               | paint/mouse/Inst_Ps2Interface/delay_100us_count[0]_i_2_n_0 | paint/mouse/Inst_Ps2Interface/clear                        |                4 |             28 |
|  CLK_IBUF_BUFG                               |                                                            | paint/canvas/nn_inst/nn_rst_i_1_n_0                        |                6 |             28 |
|  canvas/clk_2                                | paint/canvas/nn_inst/nn1/addr_const[15]_i_1_n_0            | paint/canvas/nn_inst/nn_algo_rst                           |                9 |             32 |
|  CLK_IBUF_BUFG                               |                                                            | paint/canvas/invY_reg                                      |                9 |             32 |
| ~CLK_6P25M_BUFG                              |                                                            | oled/frame_counter[16]_i_1_n_0                             |                5 |             34 |
|  paint/mouse/left                            |                                                            |                                                            |                9 |             36 |
|  CLK_IBUF_BUFG                               | seg[6]_i_1_n_0                                             |                                                            |                5 |             38 |
| ~CLK_6P25M_BUFG                              | oled/delay[0]_i_1_n_0                                      |                                                            |                5 |             40 |
|  paint/canvas/unit_6p25m/clk_6p25MHz         |                                                            |                                                            |               11 |             42 |
|  CLK_IBUF_BUFG                               |                                                            | COUNT[24]_i_1_n_0                                          |                6 |             48 |
|  CLK_IBUF_BUFG                               |                                                            | paint/mouse/reset_timeout_cnt                              |                6 |             48 |
|  CLK_IBUF_BUFG                               |                                                            | paint/mouse/reset_periodic_check_cnt                       |                5 |             52 |
|  CLK_IBUF_BUFG                               | B/box_delay_counter[0]_i_1_n_0                             |                                                            |                8 |             58 |
|  CLK_IBUF_BUFG                               |                                                            | C/clk200                                                   |                8 |             62 |
| ~CLK_6P25M_BUFG                              | oled/state                                                 |                                                            |                8 |             64 |
|  CLK_IBUF_BUFG                               |                                                            | paint/canvas/unit_6p25m/clear                              |                8 |             64 |
|  CLK_IBUF_BUFG                               | paint/canvas/nn_inst/nn_rst_i_1_n_0                        | paint/canvas/nn_inst/rst_counter                           |                8 |             64 |
|  CLK_IBUF_BUFG                               | B/sel                                                      | B/bounce_counter[0]_i_1_n_0                                |                9 |             64 |
|  CLK_IBUF_BUFG                               |                                                            | paint/canvas/clock_mouse/clear                             |                8 |             64 |
|  clk                                         | C/COUNT_GREEN[0]_i_1_n_0                                   | C/COUNT_GREEN                                              |                8 |             64 |
|  clk                                         | C/COUNT_RED[0]_i_2_n_0                                     | C/COUNT_GREEN                                              |                8 |             64 |
|  CLK_IBUF_BUFG                               |                                                            | A/clk6p25m/clear                                           |                8 |             64 |
|  canvas/clk_2                                |                                                            |                                                            |               21 |             66 |
|  CLK_IBUF_BUFG                               | paint/canvas/nn_inst/ct_inst/nextDY                        | paint/canvas/invY_reg                                      |               12 |             68 |
| ~CLK_6P25M_BUFG                              |                                                            | oled/spi_word[39]_i_1_n_0                                  |               17 |             90 |
|  canvas/clockMouse                           |                                                            | paint/mouse/pixel_data_reg[65][0]                          |               20 |            128 |
|  canvas/clockMouse                           |                                                            | paint/mouse/pixel_data_reg[193][1]                         |               19 |            128 |
|  canvas/clockMouse                           |                                                            | paint/mouse/pixel_data_reg[225][0]                         |               17 |            128 |
|  canvas/clockMouse                           |                                                            | paint/mouse/pixel_data_reg[129][1]                         |               19 |            128 |
|  canvas/clockMouse                           |                                                            | paint/mouse/pixel_data_reg[129][0]                         |               18 |            128 |
|  canvas/clockMouse                           |                                                            | paint/mouse/pixel_data_reg[1][0]                           |               18 |            128 |
|  canvas/clockMouse                           |                                                            | paint/mouse/pixel_data_reg[1][1]                           |               15 |            128 |
|  canvas/clockMouse                           |                                                            | paint/mouse/pixel_data_reg[65][2]                          |               16 |            128 |
|  canvas/clockMouse                           |                                                            | paint/mouse/pixel_data_reg[65][1]                          |               16 |            128 |
|  canvas/clockMouse                           |                                                            | paint/mouse/pixel_data_reg[257][1]                         |               15 |            128 |
|  canvas/clockMouse                           |                                                            | paint/mouse/pixel_data_reg[129][2]                         |               19 |            128 |
|  canvas/clk_2                                | paint/canvas/nn_inst/nn1/val_out[63]_i_1_n_0               | paint/canvas/nn_inst/nn_algo_rst                           |               39 |            128 |
|  canvas/clockMouse                           |                                                            | paint/mouse/pixel_data_reg[257][2]                         |               15 |            128 |
|  canvas/clockMouse                           |                                                            | paint/mouse/pixel_data_reg[257][0]                         |               14 |            128 |
|  canvas/clockMouse                           |                                                            | paint/mouse/pixel_data_reg[193][2]                         |               16 |            128 |
|  canvas/clockMouse                           |                                                            | paint/mouse/pixel_data_reg[1][2]                           |               18 |            128 |
|  canvas/clockMouse                           |                                                            | paint/mouse/right                                          |               30 |            246 |
|  CLK_IBUF_BUFG                               |                                                            |                                                            |               89 |            412 |
+----------------------------------------------+------------------------------------------------------------+------------------------------------------------------------+------------------+----------------+


